The system is: Darwin - 15.5.0 - x86_64
Compiling the C compiler identification source file "CMakeCCompilerId.c" succeeded.
Compiler: /usr/bin/gcc 
Build flags: ;-m32
Id flags:  

The output was:
0


Compilation of the C compiler identification source "CMakeCCompilerId.c" produced "a.out"

The C compiler identification is AppleClang, found in "/Users/Giuseppe/Fast-Downard/builds/release32/CMakeFiles/3.8.2/CompilerIdC/a.out"

Compiling the CXX compiler identification source file "CMakeCXXCompilerId.cpp" succeeded.
Compiler: /usr/bin/g++ 
Build flags: ;-m32
Id flags:  

The output was:
0


Compilation of the CXX compiler identification source "CMakeCXXCompilerId.cpp" produced "a.out"

The CXX compiler identification is AppleClang, found in "/Users/Giuseppe/Fast-Downard/builds/release32/CMakeFiles/3.8.2/CompilerIdCXX/a.out"

Determining if the C compiler works passed with the following output:
Change Dir: /Users/Giuseppe/Fast-Downard/builds/release32/CMakeFiles/CMakeTmp

Run Build Command:"/usr/local/bin/gmake" "cmTC_c43a7/fast"
/usr/local/bin/gmake -f CMakeFiles/cmTC_c43a7.dir/build.make CMakeFiles/cmTC_c43a7.dir/build
gmake[1]: Entering directory '/Users/Giuseppe/Fast-Downard/builds/release32/CMakeFiles/CMakeTmp'
Building C object CMakeFiles/cmTC_c43a7.dir/testCCompiler.c.o
/usr/bin/gcc   -m32    -o CMakeFiles/cmTC_c43a7.dir/testCCompiler.c.o   -c /Users/Giuseppe/Fast-Downard/builds/release32/CMakeFiles/CMakeTmp/testCCompiler.c
Linking C executable cmTC_c43a7
/usr/local/Cellar/cmake/3.8.2/bin/cmake -E cmake_link_script CMakeFiles/cmTC_c43a7.dir/link.txt --verbose=1
/usr/bin/gcc  -m32  -Wl,-search_paths_first -Wl,-headerpad_max_install_names   CMakeFiles/cmTC_c43a7.dir/testCCompiler.c.o  -o cmTC_c43a7 
gmake[1]: Leaving directory '/Users/Giuseppe/Fast-Downard/builds/release32/CMakeFiles/CMakeTmp'


Detecting C compiler ABI info compiled with the following output:
Change Dir: /Users/Giuseppe/Fast-Downard/builds/release32/CMakeFiles/CMakeTmp

Run Build Command:"/usr/local/bin/gmake" "cmTC_a651b/fast"
/usr/local/bin/gmake -f CMakeFiles/cmTC_a651b.dir/build.make CMakeFiles/cmTC_a651b.dir/build
gmake[1]: Entering directory '/Users/Giuseppe/Fast-Downard/builds/release32/CMakeFiles/CMakeTmp'
Building C object CMakeFiles/cmTC_a651b.dir/CMakeCCompilerABI.c.o
/usr/bin/gcc   -m32    -o CMakeFiles/cmTC_a651b.dir/CMakeCCompilerABI.c.o   -c /usr/local/Cellar/cmake/3.8.2/share/cmake/Modules/CMakeCCompilerABI.c
Linking C executable cmTC_a651b
/usr/local/Cellar/cmake/3.8.2/bin/cmake -E cmake_link_script CMakeFiles/cmTC_a651b.dir/link.txt --verbose=1
/usr/bin/gcc  -m32  -Wl,-search_paths_first -Wl,-headerpad_max_install_names  -v -Wl,-v CMakeFiles/cmTC_a651b.dir/CMakeCCompilerABI.c.o  -o cmTC_a651b 
Apple LLVM version 8.0.0 (clang-800.0.42.1)
Target: i386-apple-darwin15.5.0
Thread model: posix
InstalledDir: /Library/Developer/CommandLineTools/usr/bin
 "/Library/Developer/CommandLineTools/usr/bin/ld" -demangle -dynamic -arch i386 -macosx_version_min 10.11.0 -o cmTC_a651b -search_paths_first -headerpad_max_install_names -v CMakeFiles/cmTC_a651b.dir/CMakeCCompilerABI.c.o -lSystem /Library/Developer/CommandLineTools/usr/bin/../lib/clang/8.0.0/lib/darwin/libclang_rt.eprintf.a /Library/Developer/CommandLineTools/usr/bin/../lib/clang/8.0.0/lib/darwin/libclang_rt.osx.a
@(#)PROGRAM:ld  PROJECT:ld64-274.2
configured to support archs: armv6 armv7 armv7s arm64 i386 x86_64 x86_64h armv6m armv7k armv7m armv7em (tvOS)
Library search paths:
	/usr/lib
	/usr/local/lib
Framework search paths:
	/Library/Frameworks/
	/System/Library/Frameworks/
gmake[1]: Leaving directory '/Users/Giuseppe/Fast-Downard/builds/release32/CMakeFiles/CMakeTmp'


Parsed C implicit link information from above output:
  link line regex: [^( *|.*[/\])(ld|([^/\]+-)?ld|collect2)[^/\]*( |$)]
  ignore line: [Change Dir: /Users/Giuseppe/Fast-Downard/builds/release32/CMakeFiles/CMakeTmp]
  ignore line: []
  ignore line: [Run Build Command:"/usr/local/bin/gmake" "cmTC_a651b/fast"]
  ignore line: [/usr/local/bin/gmake -f CMakeFiles/cmTC_a651b.dir/build.make CMakeFiles/cmTC_a651b.dir/build]
  ignore line: [gmake[1]: Entering directory '/Users/Giuseppe/Fast-Downard/builds/release32/CMakeFiles/CMakeTmp']
  ignore line: [Building C object CMakeFiles/cmTC_a651b.dir/CMakeCCompilerABI.c.o]
  ignore line: [/usr/bin/gcc   -m32    -o CMakeFiles/cmTC_a651b.dir/CMakeCCompilerABI.c.o   -c /usr/local/Cellar/cmake/3.8.2/share/cmake/Modules/CMakeCCompilerABI.c]
  ignore line: [Linking C executable cmTC_a651b]
  ignore line: [/usr/local/Cellar/cmake/3.8.2/bin/cmake -E cmake_link_script CMakeFiles/cmTC_a651b.dir/link.txt --verbose=1]
  ignore line: [/usr/bin/gcc  -m32  -Wl,-search_paths_first -Wl,-headerpad_max_install_names  -v -Wl,-v CMakeFiles/cmTC_a651b.dir/CMakeCCompilerABI.c.o  -o cmTC_a651b ]
  ignore line: [Apple LLVM version 8.0.0 (clang-800.0.42.1)]
  ignore line: [Target: i386-apple-darwin15.5.0]
  ignore line: [Thread model: posix]
  ignore line: [InstalledDir: /Library/Developer/CommandLineTools/usr/bin]
  link line: [ "/Library/Developer/CommandLineTools/usr/bin/ld" -demangle -dynamic -arch i386 -macosx_version_min 10.11.0 -o cmTC_a651b -search_paths_first -headerpad_max_install_names -v CMakeFiles/cmTC_a651b.dir/CMakeCCompilerABI.c.o -lSystem /Library/Developer/CommandLineTools/usr/bin/../lib/clang/8.0.0/lib/darwin/libclang_rt.eprintf.a /Library/Developer/CommandLineTools/usr/bin/../lib/clang/8.0.0/lib/darwin/libclang_rt.osx.a]
    arg [/Library/Developer/CommandLineTools/usr/bin/ld] ==> ignore
    arg [-demangle] ==> ignore
    arg [-dynamic] ==> ignore
    arg [-arch] ==> ignore
    arg [i386] ==> ignore
    arg [-macosx_version_min] ==> ignore
    arg [10.11.0] ==> ignore
    arg [-o] ==> ignore
    arg [cmTC_a651b] ==> ignore
    arg [-search_paths_first] ==> ignore
    arg [-headerpad_max_install_names] ==> ignore
    arg [-v] ==> ignore
    arg [CMakeFiles/cmTC_a651b.dir/CMakeCCompilerABI.c.o] ==> ignore
    arg [-lSystem] ==> lib [System]
    arg [/Library/Developer/CommandLineTools/usr/bin/../lib/clang/8.0.0/lib/darwin/libclang_rt.eprintf.a] ==> lib [/Library/Developer/CommandLineTools/usr/bin/../lib/clang/8.0.0/lib/darwin/libclang_rt.eprintf.a]
    arg [/Library/Developer/CommandLineTools/usr/bin/../lib/clang/8.0.0/lib/darwin/libclang_rt.osx.a] ==> lib [/Library/Developer/CommandLineTools/usr/bin/../lib/clang/8.0.0/lib/darwin/libclang_rt.osx.a]
  Library search paths: [;/usr/lib;/usr/local/lib]
  Framework search paths: [;/Library/Frameworks/;/System/Library/Frameworks/]
  remove lib [System]
  remove lib [/Library/Developer/CommandLineTools/usr/bin/../lib/clang/8.0.0/lib/darwin/libclang_rt.eprintf.a]
  remove lib [/Library/Developer/CommandLineTools/usr/bin/../lib/clang/8.0.0/lib/darwin/libclang_rt.osx.a]
  collapse library dir [/usr/lib] ==> [/usr/lib]
  collapse library dir [/usr/local/lib] ==> [/usr/local/lib]
  collapse framework dir [/Library/Frameworks/] ==> [/Library/Frameworks]
  collapse framework dir [/System/Library/Frameworks/] ==> [/System/Library/Frameworks]
  implicit libs: []
  implicit dirs: [/usr/lib;/usr/local/lib]
  implicit fwks: [/Library/Frameworks;/System/Library/Frameworks]




Detecting C [-std=c11] compiler features compiled with the following output:
Change Dir: /Users/Giuseppe/Fast-Downard/builds/release32/CMakeFiles/CMakeTmp

Run Build Command:"/usr/local/bin/gmake" "cmTC_a03f1/fast"
/usr/local/bin/gmake -f CMakeFiles/cmTC_a03f1.dir/build.make CMakeFiles/cmTC_a03f1.dir/build
gmake[1]: Entering directory '/Users/Giuseppe/Fast-Downard/builds/release32/CMakeFiles/CMakeTmp'
Building C object CMakeFiles/cmTC_a03f1.dir/feature_tests.c.o
/usr/bin/gcc   -m32    -std=c11 -o CMakeFiles/cmTC_a03f1.dir/feature_tests.c.o   -c /Users/Giuseppe/Fast-Downard/builds/release32/CMakeFiles/feature_tests.c
Linking C executable cmTC_a03f1
/usr/local/Cellar/cmake/3.8.2/bin/cmake -E cmake_link_script CMakeFiles/cmTC_a03f1.dir/link.txt --verbose=1
/usr/bin/gcc  -m32  -Wl,-search_paths_first -Wl,-headerpad_max_install_names   CMakeFiles/cmTC_a03f1.dir/feature_tests.c.o  -o cmTC_a03f1 
gmake[1]: Leaving directory '/Users/Giuseppe/Fast-Downard/builds/release32/CMakeFiles/CMakeTmp'


    Feature record: C_FEATURE:1c_function_prototypes
    Feature record: C_FEATURE:1c_restrict
    Feature record: C_FEATURE:1c_static_assert
    Feature record: C_FEATURE:1c_variadic_macros


Detecting C [-std=c99] compiler features compiled with the following output:
Change Dir: /Users/Giuseppe/Fast-Downard/builds/release32/CMakeFiles/CMakeTmp

Run Build Command:"/usr/local/bin/gmake" "cmTC_5d814/fast"
/usr/local/bin/gmake -f CMakeFiles/cmTC_5d814.dir/build.make CMakeFiles/cmTC_5d814.dir/build
gmake[1]: Entering directory '/Users/Giuseppe/Fast-Downard/builds/release32/CMakeFiles/CMakeTmp'
Building C object CMakeFiles/cmTC_5d814.dir/feature_tests.c.o
/usr/bin/gcc   -m32    -std=c99 -o CMakeFiles/cmTC_5d814.dir/feature_tests.c.o   -c /Users/Giuseppe/Fast-Downard/builds/release32/CMakeFiles/feature_tests.c
Linking C executable cmTC_5d814
/usr/local/Cellar/cmake/3.8.2/bin/cmake -E cmake_link_script CMakeFiles/cmTC_5d814.dir/link.txt --verbose=1
/usr/bin/gcc  -m32  -Wl,-search_paths_first -Wl,-headerpad_max_install_names   CMakeFiles/cmTC_5d814.dir/feature_tests.c.o  -o cmTC_5d814 
gmake[1]: Leaving directory '/Users/Giuseppe/Fast-Downard/builds/release32/CMakeFiles/CMakeTmp'


    Feature record: C_FEATURE:1c_function_prototypes
    Feature record: C_FEATURE:1c_restrict
    Feature record: C_FEATURE:0c_static_assert
    Feature record: C_FEATURE:1c_variadic_macros


Detecting C [-std=c90] compiler features compiled with the following output:
Change Dir: /Users/Giuseppe/Fast-Downard/builds/release32/CMakeFiles/CMakeTmp

Run Build Command:"/usr/local/bin/gmake" "cmTC_b2d22/fast"
/usr/local/bin/gmake -f CMakeFiles/cmTC_b2d22.dir/build.make CMakeFiles/cmTC_b2d22.dir/build
gmake[1]: Entering directory '/Users/Giuseppe/Fast-Downard/builds/release32/CMakeFiles/CMakeTmp'
Building C object CMakeFiles/cmTC_b2d22.dir/feature_tests.c.o
/usr/bin/gcc   -m32    -std=c90 -o CMakeFiles/cmTC_b2d22.dir/feature_tests.c.o   -c /Users/Giuseppe/Fast-Downard/builds/release32/CMakeFiles/feature_tests.c
Linking C executable cmTC_b2d22
/usr/local/Cellar/cmake/3.8.2/bin/cmake -E cmake_link_script CMakeFiles/cmTC_b2d22.dir/link.txt --verbose=1
/usr/bin/gcc  -m32  -Wl,-search_paths_first -Wl,-headerpad_max_install_names   CMakeFiles/cmTC_b2d22.dir/feature_tests.c.o  -o cmTC_b2d22 
gmake[1]: Leaving directory '/Users/Giuseppe/Fast-Downard/builds/release32/CMakeFiles/CMakeTmp'


    Feature record: C_FEATURE:1c_function_prototypes
    Feature record: C_FEATURE:0c_restrict
    Feature record: C_FEATURE:0c_static_assert
    Feature record: C_FEATURE:0c_variadic_macros
Determining if the CXX compiler works passed with the following output:
Change Dir: /Users/Giuseppe/Fast-Downard/builds/release32/CMakeFiles/CMakeTmp

Run Build Command:"/usr/local/bin/gmake" "cmTC_88268/fast"
/usr/local/bin/gmake -f CMakeFiles/cmTC_88268.dir/build.make CMakeFiles/cmTC_88268.dir/build
gmake[1]: Entering directory '/Users/Giuseppe/Fast-Downard/builds/release32/CMakeFiles/CMakeTmp'
Building CXX object CMakeFiles/cmTC_88268.dir/testCXXCompiler.cxx.o
/usr/bin/g++    -m32    -o CMakeFiles/cmTC_88268.dir/testCXXCompiler.cxx.o -c /Users/Giuseppe/Fast-Downard/builds/release32/CMakeFiles/CMakeTmp/testCXXCompiler.cxx
Linking CXX executable cmTC_88268
/usr/local/Cellar/cmake/3.8.2/bin/cmake -E cmake_link_script CMakeFiles/cmTC_88268.dir/link.txt --verbose=1
/usr/bin/g++   -m32  -Wl,-search_paths_first -Wl,-headerpad_max_install_names   CMakeFiles/cmTC_88268.dir/testCXXCompiler.cxx.o  -o cmTC_88268 
gmake[1]: Leaving directory '/Users/Giuseppe/Fast-Downard/builds/release32/CMakeFiles/CMakeTmp'


Detecting CXX compiler ABI info compiled with the following output:
Change Dir: /Users/Giuseppe/Fast-Downard/builds/release32/CMakeFiles/CMakeTmp

Run Build Command:"/usr/local/bin/gmake" "cmTC_98388/fast"
/usr/local/bin/gmake -f CMakeFiles/cmTC_98388.dir/build.make CMakeFiles/cmTC_98388.dir/build
gmake[1]: Entering directory '/Users/Giuseppe/Fast-Downard/builds/release32/CMakeFiles/CMakeTmp'
Building CXX object CMakeFiles/cmTC_98388.dir/CMakeCXXCompilerABI.cpp.o
/usr/bin/g++    -m32    -o CMakeFiles/cmTC_98388.dir/CMakeCXXCompilerABI.cpp.o -c /usr/local/Cellar/cmake/3.8.2/share/cmake/Modules/CMakeCXXCompilerABI.cpp
Linking CXX executable cmTC_98388
/usr/local/Cellar/cmake/3.8.2/bin/cmake -E cmake_link_script CMakeFiles/cmTC_98388.dir/link.txt --verbose=1
/usr/bin/g++   -m32  -Wl,-search_paths_first -Wl,-headerpad_max_install_names  -v -Wl,-v CMakeFiles/cmTC_98388.dir/CMakeCXXCompilerABI.cpp.o  -o cmTC_98388 
Apple LLVM version 8.0.0 (clang-800.0.42.1)
Target: i386-apple-darwin15.5.0
Thread model: posix
InstalledDir: /Library/Developer/CommandLineTools/usr/bin
 "/Library/Developer/CommandLineTools/usr/bin/ld" -demangle -dynamic -arch i386 -macosx_version_min 10.11.0 -o cmTC_98388 -search_paths_first -headerpad_max_install_names -v CMakeFiles/cmTC_98388.dir/CMakeCXXCompilerABI.cpp.o -lc++ -lSystem /Library/Developer/CommandLineTools/usr/bin/../lib/clang/8.0.0/lib/darwin/libclang_rt.eprintf.a /Library/Developer/CommandLineTools/usr/bin/../lib/clang/8.0.0/lib/darwin/libclang_rt.osx.a
@(#)PROGRAM:ld  PROJECT:ld64-274.2
configured to support archs: armv6 armv7 armv7s arm64 i386 x86_64 x86_64h armv6m armv7k armv7m armv7em (tvOS)
Library search paths:
	/usr/lib
	/usr/local/lib
Framework search paths:
	/Library/Frameworks/
	/System/Library/Frameworks/
gmake[1]: Leaving directory '/Users/Giuseppe/Fast-Downard/builds/release32/CMakeFiles/CMakeTmp'


Parsed CXX implicit link information from above output:
  link line regex: [^( *|.*[/\])(ld|([^/\]+-)?ld|collect2)[^/\]*( |$)]
  ignore line: [Change Dir: /Users/Giuseppe/Fast-Downard/builds/release32/CMakeFiles/CMakeTmp]
  ignore line: []
  ignore line: [Run Build Command:"/usr/local/bin/gmake" "cmTC_98388/fast"]
  ignore line: [/usr/local/bin/gmake -f CMakeFiles/cmTC_98388.dir/build.make CMakeFiles/cmTC_98388.dir/build]
  ignore line: [gmake[1]: Entering directory '/Users/Giuseppe/Fast-Downard/builds/release32/CMakeFiles/CMakeTmp']
  ignore line: [Building CXX object CMakeFiles/cmTC_98388.dir/CMakeCXXCompilerABI.cpp.o]
  ignore line: [/usr/bin/g++    -m32    -o CMakeFiles/cmTC_98388.dir/CMakeCXXCompilerABI.cpp.o -c /usr/local/Cellar/cmake/3.8.2/share/cmake/Modules/CMakeCXXCompilerABI.cpp]
  ignore line: [Linking CXX executable cmTC_98388]
  ignore line: [/usr/local/Cellar/cmake/3.8.2/bin/cmake -E cmake_link_script CMakeFiles/cmTC_98388.dir/link.txt --verbose=1]
  ignore line: [/usr/bin/g++   -m32  -Wl,-search_paths_first -Wl,-headerpad_max_install_names  -v -Wl,-v CMakeFiles/cmTC_98388.dir/CMakeCXXCompilerABI.cpp.o  -o cmTC_98388 ]
  ignore line: [Apple LLVM version 8.0.0 (clang-800.0.42.1)]
  ignore line: [Target: i386-apple-darwin15.5.0]
  ignore line: [Thread model: posix]
  ignore line: [InstalledDir: /Library/Developer/CommandLineTools/usr/bin]
  link line: [ "/Library/Developer/CommandLineTools/usr/bin/ld" -demangle -dynamic -arch i386 -macosx_version_min 10.11.0 -o cmTC_98388 -search_paths_first -headerpad_max_install_names -v CMakeFiles/cmTC_98388.dir/CMakeCXXCompilerABI.cpp.o -lc++ -lSystem /Library/Developer/CommandLineTools/usr/bin/../lib/clang/8.0.0/lib/darwin/libclang_rt.eprintf.a /Library/Developer/CommandLineTools/usr/bin/../lib/clang/8.0.0/lib/darwin/libclang_rt.osx.a]
    arg [/Library/Developer/CommandLineTools/usr/bin/ld] ==> ignore
    arg [-demangle] ==> ignore
    arg [-dynamic] ==> ignore
    arg [-arch] ==> ignore
    arg [i386] ==> ignore
    arg [-macosx_version_min] ==> ignore
    arg [10.11.0] ==> ignore
    arg [-o] ==> ignore
    arg [cmTC_98388] ==> ignore
    arg [-search_paths_first] ==> ignore
    arg [-headerpad_max_install_names] ==> ignore
    arg [-v] ==> ignore
    arg [CMakeFiles/cmTC_98388.dir/CMakeCXXCompilerABI.cpp.o] ==> ignore
    arg [-lc++] ==> lib [c++]
    arg [-lSystem] ==> lib [System]
    arg [/Library/Developer/CommandLineTools/usr/bin/../lib/clang/8.0.0/lib/darwin/libclang_rt.eprintf.a] ==> lib [/Library/Developer/CommandLineTools/usr/bin/../lib/clang/8.0.0/lib/darwin/libclang_rt.eprintf.a]
    arg [/Library/Developer/CommandLineTools/usr/bin/../lib/clang/8.0.0/lib/darwin/libclang_rt.osx.a] ==> lib [/Library/Developer/CommandLineTools/usr/bin/../lib/clang/8.0.0/lib/darwin/libclang_rt.osx.a]
  Library search paths: [;/usr/lib;/usr/local/lib]
  Framework search paths: [;/Library/Frameworks/;/System/Library/Frameworks/]
  remove lib [System]
  remove lib [/Library/Developer/CommandLineTools/usr/bin/../lib/clang/8.0.0/lib/darwin/libclang_rt.eprintf.a]
  remove lib [/Library/Developer/CommandLineTools/usr/bin/../lib/clang/8.0.0/lib/darwin/libclang_rt.osx.a]
  collapse library dir [/usr/lib] ==> [/usr/lib]
  collapse library dir [/usr/local/lib] ==> [/usr/local/lib]
  collapse framework dir [/Library/Frameworks/] ==> [/Library/Frameworks]
  collapse framework dir [/System/Library/Frameworks/] ==> [/System/Library/Frameworks]
  implicit libs: [c++]
  implicit dirs: [/usr/lib;/usr/local/lib]
  implicit fwks: [/Library/Frameworks;/System/Library/Frameworks]




Detecting CXX [-std=c++1z] compiler features compiled with the following output:
Change Dir: /Users/Giuseppe/Fast-Downard/builds/release32/CMakeFiles/CMakeTmp

Run Build Command:"/usr/local/bin/gmake" "cmTC_08695/fast"
/usr/local/bin/gmake -f CMakeFiles/cmTC_08695.dir/build.make CMakeFiles/cmTC_08695.dir/build
gmake[1]: Entering directory '/Users/Giuseppe/Fast-Downard/builds/release32/CMakeFiles/CMakeTmp'
Building CXX object CMakeFiles/cmTC_08695.dir/feature_tests.cxx.o
/usr/bin/g++    -m32    -std=c++1z -o CMakeFiles/cmTC_08695.dir/feature_tests.cxx.o -c /Users/Giuseppe/Fast-Downard/builds/release32/CMakeFiles/feature_tests.cxx
Linking CXX executable cmTC_08695
/usr/local/Cellar/cmake/3.8.2/bin/cmake -E cmake_link_script CMakeFiles/cmTC_08695.dir/link.txt --verbose=1
/usr/bin/g++   -m32  -Wl,-search_paths_first -Wl,-headerpad_max_install_names   CMakeFiles/cmTC_08695.dir/feature_tests.cxx.o  -o cmTC_08695 
gmake[1]: Leaving directory '/Users/Giuseppe/Fast-Downard/builds/release32/CMakeFiles/CMakeTmp'


    Feature record: CXX_FEATURE:1cxx_aggregate_default_initializers
    Feature record: CXX_FEATURE:1cxx_alias_templates
    Feature record: CXX_FEATURE:1cxx_alignas
    Feature record: CXX_FEATURE:1cxx_alignof
    Feature record: CXX_FEATURE:1cxx_attributes
    Feature record: CXX_FEATURE:1cxx_attribute_deprecated
    Feature record: CXX_FEATURE:1cxx_auto_type
    Feature record: CXX_FEATURE:1cxx_binary_literals
    Feature record: CXX_FEATURE:1cxx_constexpr
    Feature record: CXX_FEATURE:1cxx_contextual_conversions
    Feature record: CXX_FEATURE:1cxx_decltype
    Feature record: CXX_FEATURE:1cxx_decltype_auto
    Feature record: CXX_FEATURE:1cxx_decltype_incomplete_return_types
    Feature record: CXX_FEATURE:1cxx_default_function_template_args
    Feature record: CXX_FEATURE:1cxx_defaulted_functions
    Feature record: CXX_FEATURE:1cxx_defaulted_move_initializers
    Feature record: CXX_FEATURE:1cxx_delegating_constructors
    Feature record: CXX_FEATURE:1cxx_deleted_functions
    Feature record: CXX_FEATURE:1cxx_digit_separators
    Feature record: CXX_FEATURE:1cxx_enum_forward_declarations
    Feature record: CXX_FEATURE:1cxx_explicit_conversions
    Feature record: CXX_FEATURE:1cxx_extended_friend_declarations
    Feature record: CXX_FEATURE:1cxx_extern_templates
    Feature record: CXX_FEATURE:1cxx_final
    Feature record: CXX_FEATURE:1cxx_func_identifier
    Feature record: CXX_FEATURE:1cxx_generalized_initializers
    Feature record: CXX_FEATURE:1cxx_generic_lambdas
    Feature record: CXX_FEATURE:1cxx_inheriting_constructors
    Feature record: CXX_FEATURE:1cxx_inline_namespaces
    Feature record: CXX_FEATURE:1cxx_lambdas
    Feature record: CXX_FEATURE:1cxx_lambda_init_captures
    Feature record: CXX_FEATURE:1cxx_local_type_template_args
    Feature record: CXX_FEATURE:1cxx_long_long_type
    Feature record: CXX_FEATURE:1cxx_noexcept
    Feature record: CXX_FEATURE:1cxx_nonstatic_member_init
    Feature record: CXX_FEATURE:1cxx_nullptr
    Feature record: CXX_FEATURE:1cxx_override
    Feature record: CXX_FEATURE:1cxx_range_for
    Feature record: CXX_FEATURE:1cxx_raw_string_literals
    Feature record: CXX_FEATURE:1cxx_reference_qualified_functions
    Feature record: CXX_FEATURE:1cxx_relaxed_constexpr
    Feature record: CXX_FEATURE:1cxx_return_type_deduction
    Feature record: CXX_FEATURE:1cxx_right_angle_brackets
    Feature record: CXX_FEATURE:1cxx_rvalue_references
    Feature record: CXX_FEATURE:1cxx_sizeof_member
    Feature record: CXX_FEATURE:1cxx_static_assert
    Feature record: CXX_FEATURE:1cxx_strong_enums
    Feature record: CXX_FEATURE:1cxx_template_template_parameters
    Feature record: CXX_FEATURE:1cxx_thread_local
    Feature record: CXX_FEATURE:1cxx_trailing_return_types
    Feature record: CXX_FEATURE:1cxx_unicode_literals
    Feature record: CXX_FEATURE:1cxx_uniform_initialization
    Feature record: CXX_FEATURE:1cxx_unrestricted_unions
    Feature record: CXX_FEATURE:1cxx_user_literals
    Feature record: CXX_FEATURE:1cxx_variable_templates
    Feature record: CXX_FEATURE:1cxx_variadic_macros
    Feature record: CXX_FEATURE:1cxx_variadic_templates


Detecting CXX [-std=c++14] compiler features compiled with the following output:
Change Dir: /Users/Giuseppe/Fast-Downard/builds/release32/CMakeFiles/CMakeTmp

Run Build Command:"/usr/local/bin/gmake" "cmTC_7969c/fast"
/usr/local/bin/gmake -f CMakeFiles/cmTC_7969c.dir/build.make CMakeFiles/cmTC_7969c.dir/build
gmake[1]: Entering directory '/Users/Giuseppe/Fast-Downard/builds/release32/CMakeFiles/CMakeTmp'
Building CXX object CMakeFiles/cmTC_7969c.dir/feature_tests.cxx.o
/usr/bin/g++    -m32    -std=c++14 -o CMakeFiles/cmTC_7969c.dir/feature_tests.cxx.o -c /Users/Giuseppe/Fast-Downard/builds/release32/CMakeFiles/feature_tests.cxx
Linking CXX executable cmTC_7969c
/usr/local/Cellar/cmake/3.8.2/bin/cmake -E cmake_link_script CMakeFiles/cmTC_7969c.dir/link.txt --verbose=1
/usr/bin/g++   -m32  -Wl,-search_paths_first -Wl,-headerpad_max_install_names   CMakeFiles/cmTC_7969c.dir/feature_tests.cxx.o  -o cmTC_7969c 
gmake[1]: Leaving directory '/Users/Giuseppe/Fast-Downard/builds/release32/CMakeFiles/CMakeTmp'


    Feature record: CXX_FEATURE:1cxx_aggregate_default_initializers
    Feature record: CXX_FEATURE:1cxx_alias_templates
    Feature record: CXX_FEATURE:1cxx_alignas
    Feature record: CXX_FEATURE:1cxx_alignof
    Feature record: CXX_FEATURE:1cxx_attributes
    Feature record: CXX_FEATURE:1cxx_attribute_deprecated
    Feature record: CXX_FEATURE:1cxx_auto_type
    Feature record: CXX_FEATURE:1cxx_binary_literals
    Feature record: CXX_FEATURE:1cxx_constexpr
    Feature record: CXX_FEATURE:1cxx_contextual_conversions
    Feature record: CXX_FEATURE:1cxx_decltype
    Feature record: CXX_FEATURE:1cxx_decltype_auto
    Feature record: CXX_FEATURE:1cxx_decltype_incomplete_return_types
    Feature record: CXX_FEATURE:1cxx_default_function_template_args
    Feature record: CXX_FEATURE:1cxx_defaulted_functions
    Feature record: CXX_FEATURE:1cxx_defaulted_move_initializers
    Feature record: CXX_FEATURE:1cxx_delegating_constructors
    Feature record: CXX_FEATURE:1cxx_deleted_functions
    Feature record: CXX_FEATURE:1cxx_digit_separators
    Feature record: CXX_FEATURE:1cxx_enum_forward_declarations
    Feature record: CXX_FEATURE:1cxx_explicit_conversions
    Feature record: CXX_FEATURE:1cxx_extended_friend_declarations
    Feature record: CXX_FEATURE:1cxx_extern_templates
    Feature record: CXX_FEATURE:1cxx_final
    Feature record: CXX_FEATURE:1cxx_func_identifier
    Feature record: CXX_FEATURE:1cxx_generalized_initializers
    Feature record: CXX_FEATURE:1cxx_generic_lambdas
    Feature record: CXX_FEATURE:1cxx_inheriting_constructors
    Feature record: CXX_FEATURE:1cxx_inline_namespaces
    Feature record: CXX_FEATURE:1cxx_lambdas
    Feature record: CXX_FEATURE:1cxx_lambda_init_captures
    Feature record: CXX_FEATURE:1cxx_local_type_template_args
    Feature record: CXX_FEATURE:1cxx_long_long_type
    Feature record: CXX_FEATURE:1cxx_noexcept
    Feature record: CXX_FEATURE:1cxx_nonstatic_member_init
    Feature record: CXX_FEATURE:1cxx_nullptr
    Feature record: CXX_FEATURE:1cxx_override
    Feature record: CXX_FEATURE:1cxx_range_for
    Feature record: CXX_FEATURE:1cxx_raw_string_literals
    Feature record: CXX_FEATURE:1cxx_reference_qualified_functions
    Feature record: CXX_FEATURE:1cxx_relaxed_constexpr
    Feature record: CXX_FEATURE:1cxx_return_type_deduction
    Feature record: CXX_FEATURE:1cxx_right_angle_brackets
    Feature record: CXX_FEATURE:1cxx_rvalue_references
    Feature record: CXX_FEATURE:1cxx_sizeof_member
    Feature record: CXX_FEATURE:1cxx_static_assert
    Feature record: CXX_FEATURE:1cxx_strong_enums
    Feature record: CXX_FEATURE:1cxx_template_template_parameters
    Feature record: CXX_FEATURE:1cxx_thread_local
    Feature record: CXX_FEATURE:1cxx_trailing_return_types
    Feature record: CXX_FEATURE:1cxx_unicode_literals
    Feature record: CXX_FEATURE:1cxx_uniform_initialization
    Feature record: CXX_FEATURE:1cxx_unrestricted_unions
    Feature record: CXX_FEATURE:1cxx_user_literals
    Feature record: CXX_FEATURE:1cxx_variable_templates
    Feature record: CXX_FEATURE:1cxx_variadic_macros
    Feature record: CXX_FEATURE:1cxx_variadic_templates


Detecting CXX [-std=c++11] compiler features compiled with the following output:
Change Dir: /Users/Giuseppe/Fast-Downard/builds/release32/CMakeFiles/CMakeTmp

Run Build Command:"/usr/local/bin/gmake" "cmTC_8ea72/fast"
/usr/local/bin/gmake -f CMakeFiles/cmTC_8ea72.dir/build.make CMakeFiles/cmTC_8ea72.dir/build
gmake[1]: Entering directory '/Users/Giuseppe/Fast-Downard/builds/release32/CMakeFiles/CMakeTmp'
Building CXX object CMakeFiles/cmTC_8ea72.dir/feature_tests.cxx.o
/usr/bin/g++    -m32    -std=c++11 -o CMakeFiles/cmTC_8ea72.dir/feature_tests.cxx.o -c /Users/Giuseppe/Fast-Downard/builds/release32/CMakeFiles/feature_tests.cxx
Linking CXX executable cmTC_8ea72
/usr/local/Cellar/cmake/3.8.2/bin/cmake -E cmake_link_script CMakeFiles/cmTC_8ea72.dir/link.txt --verbose=1
/usr/bin/g++   -m32  -Wl,-search_paths_first -Wl,-headerpad_max_install_names   CMakeFiles/cmTC_8ea72.dir/feature_tests.cxx.o  -o cmTC_8ea72 
gmake[1]: Leaving directory '/Users/Giuseppe/Fast-Downard/builds/release32/CMakeFiles/CMakeTmp'


    Feature record: CXX_FEATURE:0cxx_aggregate_default_initializers
    Feature record: CXX_FEATURE:1cxx_alias_templates
    Feature record: CXX_FEATURE:1cxx_alignas
    Feature record: CXX_FEATURE:1cxx_alignof
    Feature record: CXX_FEATURE:1cxx_attributes
    Feature record: CXX_FEATURE:0cxx_attribute_deprecated
    Feature record: CXX_FEATURE:1cxx_auto_type
    Feature record: CXX_FEATURE:0cxx_binary_literals
    Feature record: CXX_FEATURE:1cxx_constexpr
    Feature record: CXX_FEATURE:0cxx_contextual_conversions
    Feature record: CXX_FEATURE:1cxx_decltype
    Feature record: CXX_FEATURE:0cxx_decltype_auto
    Feature record: CXX_FEATURE:1cxx_decltype_incomplete_return_types
    Feature record: CXX_FEATURE:1cxx_default_function_template_args
    Feature record: CXX_FEATURE:1cxx_defaulted_functions
    Feature record: CXX_FEATURE:1cxx_defaulted_move_initializers
    Feature record: CXX_FEATURE:1cxx_delegating_constructors
    Feature record: CXX_FEATURE:1cxx_deleted_functions
    Feature record: CXX_FEATURE:0cxx_digit_separators
    Feature record: CXX_FEATURE:1cxx_enum_forward_declarations
    Feature record: CXX_FEATURE:1cxx_explicit_conversions
    Feature record: CXX_FEATURE:1cxx_extended_friend_declarations
    Feature record: CXX_FEATURE:1cxx_extern_templates
    Feature record: CXX_FEATURE:1cxx_final
    Feature record: CXX_FEATURE:1cxx_func_identifier
    Feature record: CXX_FEATURE:1cxx_generalized_initializers
    Feature record: CXX_FEATURE:0cxx_generic_lambdas
    Feature record: CXX_FEATURE:1cxx_inheriting_constructors
    Feature record: CXX_FEATURE:1cxx_inline_namespaces
    Feature record: CXX_FEATURE:1cxx_lambdas
    Feature record: CXX_FEATURE:0cxx_lambda_init_captures
    Feature record: CXX_FEATURE:1cxx_local_type_template_args
    Feature record: CXX_FEATURE:1cxx_long_long_type
    Feature record: CXX_FEATURE:1cxx_noexcept
    Feature record: CXX_FEATURE:1cxx_nonstatic_member_init
    Feature record: CXX_FEATURE:1cxx_nullptr
    Feature record: CXX_FEATURE:1cxx_override
    Feature record: CXX_FEATURE:1cxx_range_for
    Feature record: CXX_FEATURE:1cxx_raw_string_literals
    Feature record: CXX_FEATURE:1cxx_reference_qualified_functions
    Feature record: CXX_FEATURE:0cxx_relaxed_constexpr
    Feature record: CXX_FEATURE:0cxx_return_type_deduction
    Feature record: CXX_FEATURE:1cxx_right_angle_brackets
    Feature record: CXX_FEATURE:1cxx_rvalue_references
    Feature record: CXX_FEATURE:1cxx_sizeof_member
    Feature record: CXX_FEATURE:1cxx_static_assert
    Feature record: CXX_FEATURE:1cxx_strong_enums
    Feature record: CXX_FEATURE:1cxx_template_template_parameters
    Feature record: CXX_FEATURE:1cxx_thread_local
    Feature record: CXX_FEATURE:1cxx_trailing_return_types
    Feature record: CXX_FEATURE:1cxx_unicode_literals
    Feature record: CXX_FEATURE:1cxx_uniform_initialization
    Feature record: CXX_FEATURE:1cxx_unrestricted_unions
    Feature record: CXX_FEATURE:1cxx_user_literals
    Feature record: CXX_FEATURE:0cxx_variable_templates
    Feature record: CXX_FEATURE:1cxx_variadic_macros
    Feature record: CXX_FEATURE:1cxx_variadic_templates


Detecting CXX [-std=c++98] compiler features compiled with the following output:
Change Dir: /Users/Giuseppe/Fast-Downard/builds/release32/CMakeFiles/CMakeTmp

Run Build Command:"/usr/local/bin/gmake" "cmTC_e8ace/fast"
/usr/local/bin/gmake -f CMakeFiles/cmTC_e8ace.dir/build.make CMakeFiles/cmTC_e8ace.dir/build
gmake[1]: Entering directory '/Users/Giuseppe/Fast-Downard/builds/release32/CMakeFiles/CMakeTmp'
Building CXX object CMakeFiles/cmTC_e8ace.dir/feature_tests.cxx.o
/usr/bin/g++    -m32    -std=c++98 -o CMakeFiles/cmTC_e8ace.dir/feature_tests.cxx.o -c /Users/Giuseppe/Fast-Downard/builds/release32/CMakeFiles/feature_tests.cxx
Linking CXX executable cmTC_e8ace
/usr/local/Cellar/cmake/3.8.2/bin/cmake -E cmake_link_script CMakeFiles/cmTC_e8ace.dir/link.txt --verbose=1
/usr/bin/g++   -m32  -Wl,-search_paths_first -Wl,-headerpad_max_install_names   CMakeFiles/cmTC_e8ace.dir/feature_tests.cxx.o  -o cmTC_e8ace 
gmake[1]: Leaving directory '/Users/Giuseppe/Fast-Downard/builds/release32/CMakeFiles/CMakeTmp'


    Feature record: CXX_FEATURE:0cxx_aggregate_default_initializers
    Feature record: CXX_FEATURE:0cxx_alias_templates
    Feature record: CXX_FEATURE:0cxx_alignas
    Feature record: CXX_FEATURE:0cxx_alignof
    Feature record: CXX_FEATURE:0cxx_attributes
    Feature record: CXX_FEATURE:0cxx_attribute_deprecated
    Feature record: CXX_FEATURE:0cxx_auto_type
    Feature record: CXX_FEATURE:0cxx_binary_literals
    Feature record: CXX_FEATURE:0cxx_constexpr
    Feature record: CXX_FEATURE:0cxx_contextual_conversions
    Feature record: CXX_FEATURE:0cxx_decltype
    Feature record: CXX_FEATURE:0cxx_decltype_auto
    Feature record: CXX_FEATURE:0cxx_decltype_incomplete_return_types
    Feature record: CXX_FEATURE:0cxx_default_function_template_args
    Feature record: CXX_FEATURE:0cxx_defaulted_functions
    Feature record: CXX_FEATURE:0cxx_defaulted_move_initializers
    Feature record: CXX_FEATURE:0cxx_delegating_constructors
    Feature record: CXX_FEATURE:0cxx_deleted_functions
    Feature record: CXX_FEATURE:0cxx_digit_separators
    Feature record: CXX_FEATURE:0cxx_enum_forward_declarations
    Feature record: CXX_FEATURE:0cxx_explicit_conversions
    Feature record: CXX_FEATURE:0cxx_extended_friend_declarations
    Feature record: CXX_FEATURE:0cxx_extern_templates
    Feature record: CXX_FEATURE:0cxx_final
    Feature record: CXX_FEATURE:0cxx_func_identifier
    Feature record: CXX_FEATURE:0cxx_generalized_initializers
    Feature record: CXX_FEATURE:0cxx_generic_lambdas
    Feature record: CXX_FEATURE:0cxx_inheriting_constructors
    Feature record: CXX_FEATURE:0cxx_inline_namespaces
    Feature record: CXX_FEATURE:0cxx_lambdas
    Feature record: CXX_FEATURE:0cxx_lambda_init_captures
    Feature record: CXX_FEATURE:0cxx_local_type_template_args
    Feature record: CXX_FEATURE:0cxx_long_long_type
    Feature record: CXX_FEATURE:0cxx_noexcept
    Feature record: CXX_FEATURE:0cxx_nonstatic_member_init
    Feature record: CXX_FEATURE:0cxx_nullptr
    Feature record: CXX_FEATURE:0cxx_override
    Feature record: CXX_FEATURE:0cxx_range_for
    Feature record: CXX_FEATURE:0cxx_raw_string_literals
    Feature record: CXX_FEATURE:0cxx_reference_qualified_functions
    Feature record: CXX_FEATURE:0cxx_relaxed_constexpr
    Feature record: CXX_FEATURE:0cxx_return_type_deduction
    Feature record: CXX_FEATURE:0cxx_right_angle_brackets
    Feature record: CXX_FEATURE:0cxx_rvalue_references
    Feature record: CXX_FEATURE:0cxx_sizeof_member
    Feature record: CXX_FEATURE:0cxx_static_assert
    Feature record: CXX_FEATURE:0cxx_strong_enums
    Feature record: CXX_FEATURE:1cxx_template_template_parameters
    Feature record: CXX_FEATURE:0cxx_thread_local
    Feature record: CXX_FEATURE:0cxx_trailing_return_types
    Feature record: CXX_FEATURE:0cxx_unicode_literals
    Feature record: CXX_FEATURE:0cxx_uniform_initialization
    Feature record: CXX_FEATURE:0cxx_unrestricted_unions
    Feature record: CXX_FEATURE:0cxx_user_literals
    Feature record: CXX_FEATURE:0cxx_variable_templates
    Feature record: CXX_FEATURE:0cxx_variadic_macros
    Feature record: CXX_FEATURE:0cxx_variadic_templates
Performing C++ SOURCE FILE Test CXX11_FOUND succeeded with the following output:
Change Dir: /Users/Giuseppe/Fast-Downard/builds/release32/CMakeFiles/CMakeTmp

Run Build Command:"/usr/local/bin/gmake" "cmTC_33014/fast"
/usr/local/bin/gmake -f CMakeFiles/cmTC_33014.dir/build.make CMakeFiles/cmTC_33014.dir/build
gmake[1]: Entering directory '/Users/Giuseppe/Fast-Downard/builds/release32/CMakeFiles/CMakeTmp'
Building CXX object CMakeFiles/cmTC_33014.dir/src.cxx.o
/usr/bin/g++    -m32 -DCXX11_FOUND   -std=c++11 -o CMakeFiles/cmTC_33014.dir/src.cxx.o -c /Users/Giuseppe/Fast-Downard/builds/release32/CMakeFiles/CMakeTmp/src.cxx
Linking CXX executable cmTC_33014
/usr/local/Cellar/cmake/3.8.2/bin/cmake -E cmake_link_script CMakeFiles/cmTC_33014.dir/link.txt --verbose=1
/usr/bin/g++   -m32 -DCXX11_FOUND -Wl,-search_paths_first -Wl,-headerpad_max_install_names   CMakeFiles/cmTC_33014.dir/src.cxx.o  -o cmTC_33014 
gmake[1]: Leaving directory '/Users/Giuseppe/Fast-Downard/builds/release32/CMakeFiles/CMakeTmp'

Source file was:
int main() { return 0; }
